2026-04-14 22:52:08,663 [INFO] Watcher started (PID 22024)
2026-04-14 22:52:08,819 [INFO] =======================================================
2026-04-14 22:52:08,820 [INFO]   App Locker Watcher started
2026-04-14 22:52:08,820 [INFO]   Poll interval : 1.5s
2026-04-14 22:52:08,820 [INFO]   Config file   : utils.CONFIG_FILE
2026-04-14 22:52:08,820 [INFO]   Press Ctrl+C to stop
2026-04-14 22:52:08,820 [INFO] =======================================================
2026-04-14 22:53:15,143 [INFO] GUI locked app: TEKKEN 7.exe -> D:/Khel/TEKKEN 7/TEKKEN 7.exe
2026-04-14 22:53:40,408 [WARNING] BLOCKED: 'tekken 7.exe' (PID 9020) opened without unlock. Killing...
2026-04-14 22:53:40,909 [INFO] Successfully terminated 'tekken 7.exe' (PID 9020)
2026-04-14 22:53:48,425 [WARNING] BLOCKED: 'tekken 7.exe' (PID 26160) opened without unlock. Killing...
2026-04-14 22:53:48,926 [INFO] Successfully terminated 'tekken 7.exe' (PID 26160)
2026-04-14 22:53:50,427 [WARNING] BLOCKED: 'tekken 7.exe' (PID 4432) opened without unlock. Killing...
2026-04-14 22:53:50,929 [INFO] Successfully terminated 'tekken 7.exe' (PID 4432)
2026-04-14 22:53:52,434 [WARNING] BLOCKED: 'tekken 7.exe' (PID 25776) opened without unlock. Killing...
2026-04-14 22:53:52,936 [INFO] Successfully terminated 'tekken 7.exe' (PID 25776)
2026-04-14 22:58:05,365 [INFO] Watcher stopped by user
2026-04-14 22:58:10,774 [INFO] GUI removed lock: tekken 7.exe
2026-04-14 23:08:01,118 [INFO] Watcher started (PID 24772)
2026-04-14 23:08:01,208 [INFO] =======================================================
2026-04-14 23:08:01,208 [INFO]   App Locker Watcher started
2026-04-14 23:08:01,208 [INFO]   Poll interval : 1.5s
2026-04-14 23:08:01,208 [INFO]   Config file   : utils.CONFIG_FILE
2026-04-14 23:08:01,208 [INFO]   Press Ctrl+C to stop
2026-04-14 23:08:01,208 [INFO] =======================================================
2026-04-14 23:16:54,964 [INFO] GUI locked app: TEKKEN 7.exe -> D:/Khel/TEKKEN 7/TEKKEN 7.exe
2026-04-14 23:17:03,088 [WARNING] BLOCKED: 'tekken 7.exe' (PID 14320) opened without unlock. Killing...
2026-04-14 23:17:03,589 [INFO] Successfully terminated 'tekken 7.exe' (PID 14320)
2026-04-14 23:17:05,092 [WARNING] BLOCKED: 'tekken 7.exe' (PID 18508) opened without unlock. Killing...
2026-04-14 23:17:05,593 [INFO] Successfully terminated 'tekken 7.exe' (PID 18508)
2026-04-14 23:17:07,095 [WARNING] BLOCKED: 'tekken 7.exe' (PID 2236) opened without unlock. Killing...
2026-04-14 23:17:07,596 [INFO] Successfully terminated 'tekken 7.exe' (PID 2236)
2026-04-14 23:17:09,099 [WARNING] BLOCKED: 'tekken 7.exe' (PID 8504) opened without unlock. Killing...
2026-04-14 23:17:09,599 [INFO] Successfully terminated 'tekken 7.exe' (PID 8504)
2026-04-14 23:17:13,935 [INFO] Watcher stopped by user
2026-04-14 23:18:00,938 [INFO] GUI removed lock: tekken 7.exe
2026-04-14 23:18:34,582 [INFO] Watcher started (PID 13424)
2026-04-14 23:18:34,680 [INFO] =======================================================
2026-04-14 23:18:34,680 [INFO]   App Locker Watcher started
2026-04-14 23:18:34,680 [INFO]   Poll interval : 1.5s
2026-04-14 23:18:34,680 [INFO]   Config file   : utils.CONFIG_FILE
2026-04-14 23:18:34,680 [INFO]   Press Ctrl+C to stop
2026-04-14 23:18:34,680 [INFO] =======================================================
2026-04-14 23:18:36,307 [INFO] GUI locked app: TekkenGame-Win64-Shipping.exe -> D:/Khel/TEKKEN 7/TekkenGame/Binaries/Win64/TekkenGame-Win64-Shipping.exe
2026-04-14 23:18:46,708 [WARNING] BLOCKED: 'tekkengame-win64-shipping.exe' (PID 17716) opened without unlock. Killing...
2026-04-14 23:18:47,209 [INFO] Successfully terminated 'tekkengame-win64-shipping.exe' (PID 17716)
2026-04-14 23:18:54,723 [WARNING] BLOCKED: 'tekkengame-win64-shipping.exe' (PID 11336) opened without unlock. Killing...
2026-04-14 23:18:55,224 [INFO] Successfully terminated 'tekkengame-win64-shipping.exe' (PID 11336)
2026-04-14 23:18:59,735 [WARNING] BLOCKED: 'tekkengame-win64-shipping.exe' (PID 6344) opened without unlock. Killing...
2026-04-14 23:19:00,236 [INFO] Successfully terminated 'tekkengame-win64-shipping.exe' (PID 6344)
2026-04-14 23:19:07,496 [INFO] Watcher stopped by user
2026-04-14 23:20:13,894 [INFO] GUI removed lock: tekkengame-win64-shipping.exe
2026-04-14 23:20:33,229 [INFO] Watcher started (PID 10444)
2026-04-14 23:20:33,329 [INFO] =======================================================
2026-04-14 23:20:33,329 [INFO]   App Locker Watcher started
2026-04-14 23:20:33,329 [INFO]   Poll interval : 1.5s
2026-04-14 23:20:33,329 [INFO]   Config file   : utils.CONFIG_FILE
2026-04-14 23:20:33,329 [INFO]   Press Ctrl+C to stop
2026-04-14 23:20:33,329 [INFO] =======================================================
2026-04-14 23:20:44,608 [INFO] GUI locked app: TekkenGame-Win64-Shipping.exe -> D:/Khel/TEKKEN 7/TekkenGame/Binaries/Win64/TekkenGame-Win64-Shipping.exe
2026-04-14 23:20:52,857 [WARNING] BLOCKED: 'tekkengame-win64-shipping.exe' (PID 26424) opened without unlock. Killing...
2026-04-14 23:20:53,358 [INFO] Successfully terminated 'tekkengame-win64-shipping.exe' (PID 26424)
2026-04-14 23:21:02,371 [WARNING] BLOCKED: 'tekkengame-win64-shipping.exe' (PID 9304) opened without unlock. Killing...
2026-04-14 23:21:02,873 [INFO] Successfully terminated 'tekkengame-win64-shipping.exe' (PID 9304)
2026-04-14 23:21:07,803 [INFO] Watcher stopped by user
2026-04-14 23:28:49,484 [INFO] GUI removed lock: tekkengame-win64-shipping.exe
2026-04-14 23:29:03,287 [INFO] GUI locked app: TekkenGame-Win64-Shipping.exe -> D:/Khel/TEKKEN 7/TekkenGame/Binaries/Win64/TekkenGame-Win64-Shipping.exe
2026-04-14 23:29:05,258 [INFO] Watcher started (PID 24896)
2026-04-14 23:29:05,379 [INFO] =======================================================
2026-04-14 23:29:05,379 [INFO]   App Locker Watcher started
2026-04-14 23:29:05,379 [INFO]   Poll interval : 1.5s
2026-04-14 23:29:05,379 [INFO]   Config file   : utils.CONFIG_FILE
2026-04-14 23:29:05,379 [INFO]   Press Ctrl+C to stop
2026-04-14 23:29:05,379 [INFO] =======================================================
2026-04-14 23:29:24,928 [WARNING] BLOCKED: 'tekkengame-win64-shipping.exe' (PID 19936) opened without unlock. Killing...
2026-04-14 23:29:25,429 [INFO] Successfully terminated 'tekkengame-win64-shipping.exe' (PID 19936)
2026-04-14 23:29:32,942 [WARNING] BLOCKED: 'tekkengame-win64-shipping.exe' (PID 5044) opened without unlock. Killing...
2026-04-14 23:29:33,442 [INFO] Successfully terminated 'tekkengame-win64-shipping.exe' (PID 5044)
2026-04-14 23:29:41,247 [INFO] Watcher stopped by user
2026-04-14 23:30:14,074 [INFO] Watcher started (PID 2972)
2026-04-14 23:30:14,169 [INFO] =======================================================
2026-04-14 23:30:14,169 [INFO]   App Locker Watcher started
2026-04-14 23:30:14,169 [INFO]   Poll interval : 1.5s
2026-04-14 23:30:14,169 [INFO]   Config file   : utils.CONFIG_FILE
2026-04-14 23:30:14,170 [INFO]   Press Ctrl+C to stop
2026-04-14 23:30:14,170 [INFO] =======================================================
2026-04-14 23:30:20,189 [WARNING] BLOCKED: 'tekkengame-win64-shipping.exe' (PID 23012) opened without unlock. Killing...
2026-04-14 23:30:20,691 [INFO] Successfully terminated 'tekkengame-win64-shipping.exe' (PID 23012)
2026-04-14 23:30:29,706 [WARNING] BLOCKED: 'tekkengame-win64-shipping.exe' (PID 9808) opened without unlock. Killing...
2026-04-14 23:30:30,207 [INFO] Successfully terminated 'tekkengame-win64-shipping.exe' (PID 9808)
2026-04-14 23:30:39,169 [INFO] GUI removed lock: tekkengame-win64-shipping.exe
2026-04-14 23:30:50,395 [INFO] Watcher stopped by user
2026-04-15 09:53:56,333 [INFO] Watcher started (PID 19892)
2026-04-15 09:53:56,618 [INFO] =======================================================
2026-04-15 09:53:56,618 [INFO]   App Locker Watcher started
2026-04-15 09:53:56,619 [INFO]   Poll interval : 1.5s
2026-04-15 09:53:56,619 [INFO]   Config file   : utils.CONFIG_FILE
2026-04-15 09:53:56,619 [INFO]   Press Ctrl+C to stop
2026-04-15 09:53:56,619 [INFO] =======================================================
2026-04-15 09:54:10,241 [INFO] GUI locked app: TekkenGame-Win64-Shipping.exe -> D:/Khel/TEKKEN 7/TekkenGame/Binaries/Win64/TekkenGame-Win64-Shipping.exe
2026-04-15 09:55:29,856 [INFO] Unlock SUCCESS: 'tekkengame-win64-shipping.exe'
2026-04-15 09:55:30,495 [ERROR] Launch failed: [WinError 740] The requested operation requires elevation
2026-04-15 09:55:57,069 [WARNING] BLOCKED: 'tekkengame-win64-shipping.exe' (PID 9536) opened without unlock. Killing...
2026-04-15 09:55:57,570 [INFO] Successfully terminated 'tekkengame-win64-shipping.exe' (PID 9536)
2026-04-15 09:56:24,021 [INFO] GUI removed lock: tekkengame-win64-shipping.exe
2026-04-15 10:00:23,797 [INFO] GUI locked app: TekkenGame-Win64-Shipping.exe -> D:/Khel/TEKKEN 7/TekkenGame/Binaries/Win64/TekkenGame-Win64-Shipping.exe
2026-04-15 10:00:37,098 [WARNING] BLOCKED: 'tekkengame-win64-shipping.exe' (PID 21400) opened without unlock. Killing...
2026-04-15 10:00:37,599 [INFO] Successfully terminated 'tekkengame-win64-shipping.exe' (PID 21400)
2026-04-15 10:00:45,127 [WARNING] BLOCKED: 'tekkengame-win64-shipping.exe' (PID 19824) opened without unlock. Killing...
2026-04-15 10:00:45,628 [INFO] Successfully terminated 'tekkengame-win64-shipping.exe' (PID 19824)
2026-04-15 10:01:00,050 [INFO] Unlock SUCCESS: 'tekkengame-win64-shipping.exe'
2026-04-15 10:01:00,079 [ERROR] Launch failed: [WinError 740] The requested operation requires elevation
2026-04-15 10:04:04,966 [INFO] GUI removed lock: tekkengame-win64-shipping.exe
2026-04-15 10:04:08,242 [INFO] Watcher stopped by user
